{
  "RSpec": {
    "coverage": {
      "/Users/student/projects/bookmarks_manager/app.rb": [
        1,
        1,
        null,
        1,
        1,
        1,
        null,
        null,
        1,
        2,
        2,
        2,
        2,
        null,
        null,
        1,
        1,
        null,
        null,
        1,
        1,
        1,
        null,
        null,
        1,
        null
      ],
      "/Users/student/projects/bookmarks_manager/lib/bookmarks.rb": [
        1,
        null,
        1,
        1,
        1,
        8,
        8,
        8,
        null,
        1,
        7,
        7,
        null,
        0,
        null,
        7,
        22,
        null,
        1,
        8,
        8,
        null,
        0,
        null,
        8,
        8,
        null,
        null
      ],
      "/Users/student/projects/bookmarks_manager/spec/setup_test_database.rb": [
        1,
        null,
        1,
        5,
        null,
        null,
        5,
        null
      ],
      "/Users/student/projects/bookmarks_manager/spec/bookmarks_spec.rb": [
        1,
        1,
        null,
        1,
        1,
        1,
        null,
        1,
        1,
        1,
        null,
        1,
        1,
        1,
        0,
        0,
        0,
        null,
        null,
        null,
        1,
        1,
        1,
        1,
        null,
        1,
        1,
        0,
        0,
        null,
        null
      ],
      "/Users/student/projects/bookmarks_manager/spec/database_helper.rb": [
        1,
        null,
        1,
        1,
        1,
        1,
        null
      ],
      "/Users/student/projects/bookmarks_manager/spec/features/adds_new_bookmark_spec.rb": [
        1,
        1,
        1,
        1,
        1,
        1,
        1,
        null,
        null
      ],
      "/Users/student/projects/bookmarks_manager/spec/features/test_page_spec.rb": [
        1,
        1,
        1,
        1,
        null,
        null
      ],
      "/Users/student/projects/bookmarks_manager/spec/features/view_bookmarks_spec.rb": [
        1,
        1,
        1,
        1,
        1,
        1,
        1,
        0,
        0,
        null,
        null
      ]
    },
    "timestamp": 1584030222
  }
}
