{
  "RSpec": {
    "coverage": {
      "/Users/student/projects/bookmarks_manager/app.rb": [
        1,
        1,
        null,
        1,
        1,
        1,
        null,
        null,
        1,
        2,
        2,
        null,
        null,
        1,
        1,
        null,
        null,
        1,
        1,
        1,
        null,
        null,
        1,
        null
      ],
      "/Users/student/projects/bookmarks_manager/lib/bookmarks.rb": [
        1,
        null,
        1,
        1,
        3,
        3,
        null,
        0,
        null,
        3,
        10,
        null,
        1,
        4,
        4,
        null,
        0,
        null,
        4,
        null,
        null
      ],
      "/Users/student/projects/bookmarks_manager/spec/setup_test_database.rb": [
        1,
        null,
        1,
        4,
        null,
        null,
        4,
        null
      ],
      "/Users/student/projects/bookmarks_manager/spec/bookmarks_spec.rb": [
        1,
        null,
        1,
        1,
        1,
        null,
        null,
        1,
        1,
        1,
        null,
        1,
        1,
        1,
        1,
        null,
        null
      ],
      "/Users/student/projects/bookmarks_manager/spec/features/adds_new_bookmark_spec.rb": [
        1,
        1,
        1,
        1,
        1,
        1,
        1,
        null,
        null
      ],
      "/Users/student/projects/bookmarks_manager/spec/features/test_page_spec.rb": [
        1,
        1,
        1,
        1,
        null,
        null
      ],
      "/Users/student/projects/bookmarks_manager/spec/features/view_bookmarks_spec.rb": [
        1,
        1,
        1,
        1,
        1,
        1,
        1,
        1,
        1,
        null,
        null
      ]
    },
    "timestamp": 1584015375
  }
}
